This is pdfTeX, Version 3.14159265-2.6-1.40.15 (TeX Live 2014) (preloaded format=pdflatex 2014.12.7)  7 SEP 2015 08:31
entering extended mode
 restricted \write18 enabled.
 %&-line parsing enabled.
**figs12.tex
(./figs12.tex
LaTeX2e <2014/05/01>
Babel <3.9k> and hyphenation patterns for 78 languages loaded.
(/usr/local/texlive/2014/texmf-dist/tex/latex/koma-script/scrartcl.cls
Document Class: scrartcl 2013/12/19 v3.12 KOMA-Script document class (article)
(/usr/local/texlive/2014/texmf-dist/tex/latex/koma-script/scrkbase.sty
Package: scrkbase 2013/12/19 v3.12 KOMA-Script package (KOMA-Script-dependent b
asics and keyval usage)

(/usr/local/texlive/2014/texmf-dist/tex/latex/koma-script/scrbase.sty
Package: scrbase 2013/12/19 v3.12 KOMA-Script package (KOMA-Script-independent 
basics and keyval usage)

(/usr/local/texlive/2014/texmf-dist/tex/latex/graphics/keyval.sty
Package: keyval 2014/05/08 v1.15 key=value parser (DPC)
\KV@toks@=\toks14
)
(/usr/local/texlive/2014/texmf-dist/tex/latex/koma-script/scrlfile.sty
Package: scrlfile 2013/12/19 v3.12 KOMA-Script package (loading files)

Package scrlfile, 2013/12/19 v3.12 KOMA-Script package (loading files)
                  Copyright (C) Markus Kohm

))) (/usr/local/texlive/2014/texmf-dist/tex/latex/koma-script/tocbasic.sty
Package: tocbasic 2013/12/19 v3.12 KOMA-Script package (handling toc-files)
)
Package tocbasic Info: omitting babel extension for `toc'
(tocbasic)             because of feature `nobabel' available
(tocbasic)             for `toc' on input line 115.
Package tocbasic Info: omitting babel extension for `lof'
(tocbasic)             because of feature `nobabel' available
(tocbasic)             for `lof' on input line 116.
Package tocbasic Info: omitting babel extension for `lot'
(tocbasic)             because of feature `nobabel' available
(tocbasic)             for `lot' on input line 117.
Package scrartcl Info: You've used standard option `12pt'.
(scrartcl)             This is correct!
(scrartcl)             Internally I'm using `fontsize=12pt'.
(scrartcl)             If you'd like to set the option with \KOMAoptions,
(scrartcl)             you'd have to use `fontsize=12pt' there
(scrartcl)             instead of `12pt', too.
Class scrartcl Info: File `scrsize12pt.clo' used to setup font sizes on input l
ine 1531.

(/usr/local/texlive/2014/texmf-dist/tex/latex/koma-script/scrsize12pt.clo
File: scrsize12pt.clo 2013/12/19 v3.12 KOMA-Script font size class option (12pt
)
)
(/usr/local/texlive/2014/texmf-dist/tex/latex/koma-script/typearea.sty
Package: typearea 2013/12/19 v3.12 KOMA-Script package (type area)

Package typearea, 2013/12/19 v3.12 KOMA-Script package (type area)
                  Copyright (C) Frank Neukam, 1992-1994
                  Copyright (C) Markus Kohm, 1994-

\ta@bcor=\skip41
\ta@div=\count79
Package typearea Info: You've used standard option `a4paper'.
(typearea)             This is correct!
(typearea)             Internally I'm using `paper=a4'.
(typearea)             If you'd like to set the option with \KOMAoptions,
(typearea)             you'd have to use `paper=a4' there
(typearea)             instead of `a4paper', too.
\ta@hblk=\skip42
\ta@vblk=\skip43
\ta@temp=\skip44
\footheight=\skip45
Package typearea Info: These are the values describing the layout:
(typearea)             DIV  = 15
(typearea)             BCOR = 23.47351pt
(typearea)             \paperwidth      = 597.50793pt
(typearea)              \textwidth      = 459.22757pt
(typearea)              DIV departure   = -9%
(typearea)              \evensidemargin = 8.60695pt
(typearea)              \oddsidemargin  = 8.60695pt
(typearea)             \paperheight     = 845.04694pt
(typearea)              \textheight     = 679.0pt
(typearea)              \topmargin      = -55.80853pt
(typearea)              \headheight     = 18.125pt
(typearea)              \headsep        = 21.75pt
(typearea)              \topskip        = 12.0pt
(typearea)              \footskip       = 50.75pt
(typearea)              \baselineskip   = 14.5pt
(typearea)              on input line 1330.
)
\c@part=\count80
\c@section=\count81
\c@subsection=\count82
\c@subsubsection=\count83
\c@paragraph=\count84
\c@subparagraph=\count85
\abovecaptionskip=\skip46
\belowcaptionskip=\skip47
\c@pti@nb@sid@b@x=\box26
\c@figure=\count86
\c@table=\count87
\bibindent=\dimen102
) (/usr/local/texlive/2014/texmf-dist/tex/latex/graphics/graphicx.sty
Package: graphicx 2014/04/25 v1.0g Enhanced LaTeX Graphics (DPC,SPQR)

(/usr/local/texlive/2014/texmf-dist/tex/latex/graphics/graphics.sty
Package: graphics 2009/02/05 v1.0o Standard LaTeX Graphics (DPC,SPQR)

(/usr/local/texlive/2014/texmf-dist/tex/latex/graphics/trig.sty
Package: trig 1999/03/16 v1.09 sin cos tan (DPC)
)
(/usr/local/texlive/2014/texmf-dist/tex/latex/latexconfig/graphics.cfg
File: graphics.cfg 2010/04/23 v1.9 graphics configuration of TeX Live
)
Package graphics Info: Driver file: pdftex.def on input line 91.

(/usr/local/texlive/2014/texmf-dist/tex/latex/pdftex-def/pdftex.def
File: pdftex.def 2011/05/27 v0.06d Graphics/color for pdfTeX

(/usr/local/texlive/2014/texmf-dist/tex/generic/oberdiek/infwarerr.sty
Package: infwarerr 2010/04/08 v1.3 Providing info/warning/error messages (HO)
)
(/usr/local/texlive/2014/texmf-dist/tex/generic/oberdiek/ltxcmds.sty
Package: ltxcmds 2011/11/09 v1.22 LaTeX kernel commands for general use (HO)
)
\Gread@gobject=\count88
))
\Gin@req@height=\dimen103
\Gin@req@width=\dimen104
)
(/usr/local/texlive/2014/texmf-dist/tex/latex/graphics/color.sty
Package: color 2014/04/23 v1.1a Standard LaTeX Color (DPC)

(/usr/local/texlive/2014/texmf-dist/tex/latex/latexconfig/color.cfg
File: color.cfg 2007/01/18 v1.5 color configuration of teTeX/TeXLive
)
Package color Info: Driver file: pdftex.def on input line 137.
)
(/usr/local/texlive/2014/texmf-dist/tex/latex/framed/framed.sty
Package: framed 2011/10/22 v 0.96: framed or shaded text with page breaks
\OuterFrameSep=\skip48
\fb@frw=\dimen105
\fb@frh=\dimen106
\FrameRule=\dimen107
\FrameSep=\dimen108
)
(/usr/local/texlive/2014/texmf-dist/tex/latex/base/alltt.sty
Package: alltt 1997/06/16 v2.0g defines alltt environment
)
(/usr/local/texlive/2014/texmf-dist/tex/latex/base/inputenc.sty
Package: inputenc 2014/04/30 v1.2b Input encoding file
\inpenc@prehook=\toks15
\inpenc@posthook=\toks16

(/usr/local/texlive/2014/texmf-dist/tex/latex/base/utf8.def
File: utf8.def 2008/04/05 v1.1m UTF-8 support for inputenc
Now handling font encoding OML ...
... no UTF-8 mapping file for font encoding OML
Now handling font encoding T1 ...
... processing UTF-8 mapping file for font encoding T1

(/usr/local/texlive/2014/texmf-dist/tex/latex/base/t1enc.dfu
File: t1enc.dfu 2008/04/05 v1.1m UTF-8 support for inputenc
   defining Unicode char U+00A1 (decimal 161)
   defining Unicode char U+00A3 (decimal 163)
   defining Unicode char U+00AB (decimal 171)
   defining Unicode char U+00BB (decimal 187)
   defining Unicode char U+00BF (decimal 191)
   defining Unicode char U+00C0 (decimal 192)
   defining Unicode char U+00C1 (decimal 193)
   defining Unicode char U+00C2 (decimal 194)
   defining Unicode char U+00C3 (decimal 195)
   defining Unicode char U+00C4 (decimal 196)
   defining Unicode char U+00C5 (decimal 197)
   defining Unicode char U+00C6 (decimal 198)
   defining Unicode char U+00C7 (decimal 199)
   defining Unicode char U+00C8 (decimal 200)
   defining Unicode char U+00C9 (decimal 201)
   defining Unicode char U+00CA (decimal 202)
   defining Unicode char U+00CB (decimal 203)
   defining Unicode char U+00CC (decimal 204)
   defining Unicode char U+00CD (decimal 205)
   defining Unicode char U+00CE (decimal 206)
   defining Unicode char U+00CF (decimal 207)
   defining Unicode char U+00D0 (decimal 208)
   defining Unicode char U+00D1 (decimal 209)
   defining Unicode char U+00D2 (decimal 210)
   defining Unicode char U+00D3 (decimal 211)
   defining Unicode char U+00D4 (decimal 212)
   defining Unicode char U+00D5 (decimal 213)
   defining Unicode char U+00D6 (decimal 214)
   defining Unicode char U+00D8 (decimal 216)
   defining Unicode char U+00D9 (decimal 217)
   defining Unicode char U+00DA (decimal 218)
   defining Unicode char U+00DB (decimal 219)
   defining Unicode char U+00DC (decimal 220)
   defining Unicode char U+00DD (decimal 221)
   defining Unicode char U+00DE (decimal 222)
   defining Unicode char U+00DF (decimal 223)
   defining Unicode char U+00E0 (decimal 224)
   defining Unicode char U+00E1 (decimal 225)
   defining Unicode char U+00E2 (decimal 226)
   defining Unicode char U+00E3 (decimal 227)
   defining Unicode char U+00E4 (decimal 228)
   defining Unicode char U+00E5 (decimal 229)
   defining Unicode char U+00E6 (decimal 230)
   defining Unicode char U+00E7 (decimal 231)
   defining Unicode char U+00E8 (decimal 232)
   defining Unicode char U+00E9 (decimal 233)
   defining Unicode char U+00EA (decimal 234)
   defining Unicode char U+00EB (decimal 235)
   defining Unicode char U+00EC (decimal 236)
   defining Unicode char U+00ED (decimal 237)
   defining Unicode char U+00EE (decimal 238)
   defining Unicode char U+00EF (decimal 239)
   defining Unicode char U+00F0 (decimal 240)
   defining Unicode char U+00F1 (decimal 241)
   defining Unicode char U+00F2 (decimal 242)
   defining Unicode char U+00F3 (decimal 243)
   defining Unicode char U+00F4 (decimal 244)
   defining Unicode char U+00F5 (decimal 245)
   defining Unicode char U+00F6 (decimal 246)
   defining Unicode char U+00F8 (decimal 248)
   defining Unicode char U+00F9 (decimal 249)
   defining Unicode char U+00FA (decimal 250)
   defining Unicode char U+00FB (decimal 251)
   defining Unicode char U+00FC (decimal 252)
   defining Unicode char U+00FD (decimal 253)
   defining Unicode char U+00FE (decimal 254)
   defining Unicode char U+00FF (decimal 255)
   defining Unicode char U+0102 (decimal 258)
   defining Unicode char U+0103 (decimal 259)
   defining Unicode char U+0104 (decimal 260)
   defining Unicode char U+0105 (decimal 261)
   defining Unicode char U+0106 (decimal 262)
   defining Unicode char U+0107 (decimal 263)
   defining Unicode char U+010C (decimal 268)
   defining Unicode char U+010D (decimal 269)
   defining Unicode char U+010E (decimal 270)
   defining Unicode char U+010F (decimal 271)
   defining Unicode char U+0110 (decimal 272)
   defining Unicode char U+0111 (decimal 273)
   defining Unicode char U+0118 (decimal 280)
   defining Unicode char U+0119 (decimal 281)
   defining Unicode char U+011A (decimal 282)
   defining Unicode char U+011B (decimal 283)
   defining Unicode char U+011E (decimal 286)
   defining Unicode char U+011F (decimal 287)
   defining Unicode char U+0130 (decimal 304)
   defining Unicode char U+0131 (decimal 305)
   defining Unicode char U+0132 (decimal 306)
   defining Unicode char U+0133 (decimal 307)
   defining Unicode char U+0139 (decimal 313)
   defining Unicode char U+013A (decimal 314)
   defining Unicode char U+013D (decimal 317)
   defining Unicode char U+013E (decimal 318)
   defining Unicode char U+0141 (decimal 321)
   defining Unicode char U+0142 (decimal 322)
   defining Unicode char U+0143 (decimal 323)
   defining Unicode char U+0144 (decimal 324)
   defining Unicode char U+0147 (decimal 327)
   defining Unicode char U+0148 (decimal 328)
   defining Unicode char U+014A (decimal 330)
   defining Unicode char U+014B (decimal 331)
   defining Unicode char U+0150 (decimal 336)
   defining Unicode char U+0151 (decimal 337)
   defining Unicode char U+0152 (decimal 338)
   defining Unicode char U+0153 (decimal 339)
   defining Unicode char U+0154 (decimal 340)
   defining Unicode char U+0155 (decimal 341)
   defining Unicode char U+0158 (decimal 344)
   defining Unicode char U+0159 (decimal 345)
   defining Unicode char U+015A (decimal 346)
   defining Unicode char U+015B (decimal 347)
   defining Unicode char U+015E (decimal 350)
   defining Unicode char U+015F (decimal 351)
   defining Unicode char U+0160 (decimal 352)
   defining Unicode char U+0161 (decimal 353)
   defining Unicode char U+0162 (decimal 354)
   defining Unicode char U+0163 (decimal 355)
   defining Unicode char U+0164 (decimal 356)
   defining Unicode char U+0165 (decimal 357)
   defining Unicode char U+016E (decimal 366)
   defining Unicode char U+016F (decimal 367)
   defining Unicode char U+0170 (decimal 368)
   defining Unicode char U+0171 (decimal 369)
   defining Unicode char U+0178 (decimal 376)
   defining Unicode char U+0179 (decimal 377)
   defining Unicode char U+017A (decimal 378)
   defining Unicode char U+017B (decimal 379)
   defining Unicode char U+017C (decimal 380)
   defining Unicode char U+017D (decimal 381)
   defining Unicode char U+017E (decimal 382)
   defining Unicode char U+200C (decimal 8204)
   defining Unicode char U+2013 (decimal 8211)
   defining Unicode char U+2014 (decimal 8212)
   defining Unicode char U+2018 (decimal 8216)
   defining Unicode char U+2019 (decimal 8217)
   defining Unicode char U+201A (decimal 8218)
   defining Unicode char U+201C (decimal 8220)
   defining Unicode char U+201D (decimal 8221)
   defining Unicode char U+201E (decimal 8222)
   defining Unicode char U+2030 (decimal 8240)
   defining Unicode char U+2031 (decimal 8241)
   defining Unicode char U+2039 (decimal 8249)
   defining Unicode char U+203A (decimal 8250)
   defining Unicode char U+2423 (decimal 9251)
)
Now handling font encoding OT1 ...
... processing UTF-8 mapping file for font encoding OT1

(/usr/local/texlive/2014/texmf-dist/tex/latex/base/ot1enc.dfu
File: ot1enc.dfu 2008/04/05 v1.1m UTF-8 support for inputenc
   defining Unicode char U+00A1 (decimal 161)
   defining Unicode char U+00A3 (decimal 163)
   defining Unicode char U+00B8 (decimal 184)
   defining Unicode char U+00BF (decimal 191)
   defining Unicode char U+00C5 (decimal 197)
   defining Unicode char U+00C6 (decimal 198)
   defining Unicode char U+00D8 (decimal 216)
   defining Unicode char U+00DF (decimal 223)
   defining Unicode char U+00E6 (decimal 230)
   defining Unicode char U+00EC (decimal 236)
   defining Unicode char U+00ED (decimal 237)
   defining Unicode char U+00EE (decimal 238)
   defining Unicode char U+00EF (decimal 239)
   defining Unicode char U+00F8 (decimal 248)
   defining Unicode char U+0131 (decimal 305)
   defining Unicode char U+0141 (decimal 321)
   defining Unicode char U+0142 (decimal 322)
   defining Unicode char U+0152 (decimal 338)
   defining Unicode char U+0153 (decimal 339)
   defining Unicode char U+2013 (decimal 8211)
   defining Unicode char U+2014 (decimal 8212)
   defining Unicode char U+2018 (decimal 8216)
   defining Unicode char U+2019 (decimal 8217)
   defining Unicode char U+201C (decimal 8220)
   defining Unicode char U+201D (decimal 8221)
)
Now handling font encoding OMS ...
... processing UTF-8 mapping file for font encoding OMS

(/usr/local/texlive/2014/texmf-dist/tex/latex/base/omsenc.dfu
File: omsenc.dfu 2008/04/05 v1.1m UTF-8 support for inputenc
   defining Unicode char U+00A7 (decimal 167)
   defining Unicode char U+00B6 (decimal 182)
   defining Unicode char U+00B7 (decimal 183)
   defining Unicode char U+2020 (decimal 8224)
   defining Unicode char U+2021 (decimal 8225)
   defining Unicode char U+2022 (decimal 8226)
)
Now handling font encoding OMX ...
... no UTF-8 mapping file for font encoding OMX
Now handling font encoding U ...
... no UTF-8 mapping file for font encoding U
   defining Unicode char U+00A9 (decimal 169)
   defining Unicode char U+00AA (decimal 170)
   defining Unicode char U+00AE (decimal 174)
   defining Unicode char U+00BA (decimal 186)
   defining Unicode char U+02C6 (decimal 710)
   defining Unicode char U+02DC (decimal 732)
   defining Unicode char U+200C (decimal 8204)
   defining Unicode char U+2026 (decimal 8230)
   defining Unicode char U+2122 (decimal 8482)
   defining Unicode char U+2423 (decimal 9251)
))
(/usr/local/texlive/2014/texmf-dist/tex/latex/caption/newfloat.sty
Package: newfloat 2013/05/11 v1.1-91 Defining new floating environments (AR)
)
Package newfloat Info: New float `suppfigure' with options `name={Supplementary
 Figure}' on input line 53.
\c@suppfigure=\count89
\newfloat@ftype=\count90
Package newfloat Info: float type `suppfigure'=8 on input line 53.
Package tocbasic Info: setting babel extension for `losuppfigure' on input line
 53.

(/usr/local/texlive/2014/texmf-dist/tex/latex/upquote/upquote.sty
Package: upquote 2012/04/19 v1.3 upright-quote and grave-accent glyphs in verba
tim
)
(./figs12.aux)
\openout1 = `figs12.aux'.

LaTeX Font Info:    Checking defaults for OML/cmm/m/it on input line 63.
LaTeX Font Info:    ... okay on input line 63.
LaTeX Font Info:    Checking defaults for T1/cmr/m/n on input line 63.
LaTeX Font Info:    ... okay on input line 63.
LaTeX Font Info:    Checking defaults for OT1/cmr/m/n on input line 63.
LaTeX Font Info:    ... okay on input line 63.
LaTeX Font Info:    Checking defaults for OMS/cmsy/m/n on input line 63.
LaTeX Font Info:    ... okay on input line 63.
LaTeX Font Info:    Checking defaults for OMX/cmex/m/n on input line 63.
LaTeX Font Info:    ... okay on input line 63.
LaTeX Font Info:    Checking defaults for U/cmr/m/n on input line 63.
LaTeX Font Info:    ... okay on input line 63.

(/usr/local/texlive/2014/texmf-dist/tex/context/base/supp-pdf.mkii
[Loading MPS to PDF converter (version 2006.09.02).]
\scratchcounter=\count91
\scratchdimen=\dimen109
\scratchbox=\box27
\nofMPsegments=\count92
\nofMParguments=\count93
\everyMPshowfont=\toks17
\MPscratchCnt=\count94
\MPscratchDim=\dimen110
\MPnumerator=\count95
\makeMPintoPDFobject=\count96
\everyMPtoPDFconversion=\toks18
) (/usr/local/texlive/2014/texmf-dist/tex/generic/oberdiek/pdftexcmds.sty
Package: pdftexcmds 2011/11/29 v0.20 Utility functions of pdfTeX for LuaTeX (HO
)

(/usr/local/texlive/2014/texmf-dist/tex/generic/oberdiek/ifluatex.sty
Package: ifluatex 2010/03/01 v1.3 Provides the ifluatex switch (HO)
Package ifluatex Info: LuaTeX not detected.
)
(/usr/local/texlive/2014/texmf-dist/tex/generic/oberdiek/ifpdf.sty
Package: ifpdf 2011/01/30 v2.3 Provides the ifpdf switch (HO)
Package ifpdf Info: pdfTeX in PDF mode is detected.
)
Package pdftexcmds Info: LuaTeX not detected.
Package pdftexcmds Info: \pdf@primitive is available.
Package pdftexcmds Info: \pdf@ifprimitive is available.
Package pdftexcmds Info: \pdfdraftmode found.
)
(/usr/local/texlive/2014/texmf-dist/tex/latex/oberdiek/epstopdf-base.sty
Package: epstopdf-base 2010/02/09 v2.5 Base part for package epstopdf

(/usr/local/texlive/2014/texmf-dist/tex/latex/oberdiek/grfext.sty
Package: grfext 2010/08/19 v1.1 Manage graphics extensions (HO)

(/usr/local/texlive/2014/texmf-dist/tex/generic/oberdiek/kvdefinekeys.sty
Package: kvdefinekeys 2011/04/07 v1.3 Define keys (HO)
))
(/usr/local/texlive/2014/texmf-dist/tex/latex/oberdiek/kvoptions.sty
Package: kvoptions 2011/06/30 v3.11 Key value format for package options (HO)

(/usr/local/texlive/2014/texmf-dist/tex/generic/oberdiek/kvsetkeys.sty
Package: kvsetkeys 2012/04/25 v1.16 Key value parser (HO)

(/usr/local/texlive/2014/texmf-dist/tex/generic/oberdiek/etexcmds.sty
Package: etexcmds 2011/02/16 v1.5 Avoid name clashes with e-TeX commands (HO)
Package etexcmds Info: Could not find \expanded.
(etexcmds)             That can mean that you are not using pdfTeX 1.50 or
(etexcmds)             that some package has redefined \expanded.
(etexcmds)             In the latter case, load this package earlier.
)))
Package grfext Info: Graphics extension search list:
(grfext)             [.png,.pdf,.jpg,.mps,.jpeg,.jbig2,.jb2,.PNG,.PDF,.JPG,.JPE
G,.JBIG2,.JB2,.eps]
(grfext)             \AppendGraphicsExtensions on input line 452.

(/usr/local/texlive/2014/texmf-dist/tex/latex/latexconfig/epstopdf-sys.cfg
File: epstopdf-sys.cfg 2010/07/13 v1.3 Configuration of (r)epstopdf for TeX Liv
e
))
LaTeX Font Info:    External font `cmex10' loaded for size
(Font)              <17.28> on input line 72.
LaTeX Font Info:    External font `cmex10' loaded for size
(Font)              <12> on input line 72.
Package color Info: Redefining color shadecolor on input line 75.
Package color Info: Redefining color shadecolor on input line 84.
LaTeX Font Info:    Font shape `OT1/cmtt/bx/n' in size <12> not available
(Font)              Font shape `OT1/cmtt/m/n' tried instead on input line 86.
LaTeX Font Info:    Try loading font information for OMS+cmtt on input line 86.


(/Library/Frameworks/R.framework/Resources/share/texmf/tex/latex/omscmtt.fd
File: omscmtt.fd 
)
LaTeX Font Info:    Font shape `OMS/cmtt/m/n' in size <12> not available
(Font)              Font shape `OMS/cmsy/m/n' tried instead on input line 86.
Package color Info: Redefining color shadecolor on input line 101.

Overfull \hbox (28.59767pt too wide) in paragraph at lines 109--109
[][]\OT1/cmtt/m/n/12 mgcv[][]::[][]vis.gam[][](eyeAmpM.gam,[] []plot.type[][]=[
][]^^Mcontour^^M[][],[] []color[][]=[][]"cm"[][],[] []zlim[][]=lims,[] []main[]
[]=[][]""[][])[][] 
 []


Overfull \hbox (28.59767pt too wide) in paragraph at lines 117--117
[][]\OT1/cmtt/m/n/12 mgcv[][]::[][]vis.gam[][](eyeAmpF.gam,[] []plot.type[][]=[
][]^^Mcontour^^M[][],[] []color[][]=[][]"cm"[][],[] []zlim[][]=lims,[] []main[]
[]=[][]""[][])[][] 
 []

Package color Info: Redefining color shadecolor on input line 128.
Package color Info: Redefining color shadecolor on input line 144.
Package color Info: Redefining color shadecolor on input line 156.
[1




{/usr/local/texlive/2014/texmf-var/fonts/map/pdftex/updmap/pdftex.map}]
Package color Info: Redefining color shadecolor on input line 183.

[2]
Package color Info: Redefining color shadecolor on input line 202.
Package color Info: Redefining color shadecolor on input line 223.
Package color Info: Redefining color shadecolor on input line 238.
Package color Info: Redefining color shadecolor on input line 252.
 [3]
Package color Info: Redefining color shadecolor on input line 270.
Package color Info: Redefining color shadecolor on input line 278.

Overfull \hbox (47.12268pt too wide) in paragraph at lines 280--280
[][]\OT1/cmtt/m/n/12 if[][]([][]![][]requireNamespace[][]([][]^^Mgamclass^^M[][
],[] []quietly[][]=[][]TRUE[][]))[][]print[][]([][]^^Mgamclass must be installe
d^^M[][])[][] 
 []

Package color Info: Redefining color shadecolor on input line 296.

Overfull \hbox (34.77267pt too wide) in paragraph at lines 314--314
[][]\OT1/cmtt/m/n/12 dfWeek06.gam[] []<-[] []mgcv[][]::[][]gam[][](num[][]~[][]
s[][](day,[] []k[][]=[][]200[][]),[] []data[][]=dfWeek06,[] []family[][]=quasip
oisson)[][] 
 []

[4]
Package color Info: Redefining color shadecolor on input line 329.
Package color Info: Redefining color shadecolor on input line 346.
Package color Info: Redefining color shadecolor on input line 364.
 [5]
Package color Info: Redefining color shadecolor on input line 386.
Package color Info: Redefining color shadecolor on input line 408.
 [6]
Package color Info: Redefining color shadecolor on input line 432.

Overfull \hbox (16.24767pt too wide) in paragraph at lines 439--439
[]    []\OT1/cmtt/m/n/12 if[][]([][]![][]requireNamespace[][]([][]^^Mmgcv^^M[][
],[] []quietly[][]=[][]TRUE[][]))[][]stop[][]([][]^^Mmgcv must be installed^^M[
][])[][] 
 []

Package color Info: Redefining color shadecolor on input line 449.
Package color Info: Redefining color shadecolor on input line 472.
<figs/xmeth-smooth-ohms-12_1-1.pdf, id=27, 325.215pt x 252.945pt>
File: figs/xmeth-smooth-ohms-12_1-1.pdf Graphic file (type pdf)

<use figs/xmeth-smooth-ohms-12_1-1.pdf>
Package pdftex.def Info: figs/xmeth-smooth-ohms-12_1-1.pdf used on input line 4
74.
(pdftex.def)             Requested size: 298.49512pt x 232.1796pt.
LaTeX Font Info:    External font `cmex10' loaded for size
(Font)              <8> on input line 485.
LaTeX Font Info:    External font `cmex10' loaded for size
(Font)              <6> on input line 485.
Package color Info: Redefining color shadecolor on input line 490.

<figs/xmeth-plotVIS-12_2-1.pdf, id=28, 614.295pt x 252.945pt>
File: figs/xmeth-plotVIS-12_2-1.pdf Graphic file (type pdf)

<use figs/xmeth-plotVIS-12_2-1.pdf>
Package pdftex.def Info: figs/xmeth-plotVIS-12_2-1.pdf used on input line 492.
(pdftex.def)             Requested size: 445.4513pt x 183.42094pt.
Package color Info: Redefining color shadecolor on input line 505.

<figs/xmeth-ant111b-12_3-1.pdf, id=29, 325.215pt x 252.945pt>
File: figs/xmeth-ant111b-12_3-1.pdf Graphic file (type pdf)

<use figs/xmeth-ant111b-12_3-1.pdf>
Package pdftex.def Info: figs/xmeth-ant111b-12_3-1.pdf used on input line 507.
(pdftex.def)             Requested size: 298.49512pt x 232.1796pt.
Package color Info: Redefining color shadecolor on input line 521.
 [7 <./figs/xmeth-smooth-ohms-12_1-1.pdf>]
[8 <./figs/xmeth-plotVIS-12_2-1.pdf> <./figs/xmeth-ant111b-12_3-1.pdf>]
Package color Info: Redefining color shadecolor on input line 531.

<figs/xmeth-Erie1-12_4-1.pdf, id=54, 397.485pt x 180.675pt>
File: figs/xmeth-Erie1-12_4-1.pdf Graphic file (type pdf)

<use figs/xmeth-Erie1-12_4-1.pdf>
Package pdftex.def Info: figs/xmeth-Erie1-12_4-1.pdf used on input line 533.
(pdftex.def)             Requested size: 367.38345pt x 166.99768pt.
Package color Info: Redefining color shadecolor on input line 546.

<figs/xmeth-lagErie-12_5-1.pdf, id=55, 433.62pt x 198.7425pt>
File: figs/xmeth-lagErie-12_5-1.pdf Graphic file (type pdf)

<use figs/xmeth-lagErie-12_5-1.pdf>
Package pdftex.def Info: figs/xmeth-lagErie-12_5-1.pdf used on input line 548.
(pdftex.def)             Requested size: 450.04105pt x 206.27791pt.
Package color Info: Redefining color shadecolor on input line 558.

<figs/xmeth-acfErie-1.pdf, id=56, 389.455pt x 180.675pt>
File: figs/xmeth-acfErie-1.pdf Graphic file (type pdf)

<use figs/xmeth-acfErie-1.pdf>
Package pdftex.def Info: figs/xmeth-acfErie-1.pdf used on input line 560.
(pdftex.def)             Requested size: 321.45789pt x 149.1359pt.
Package color Info: Redefining color shadecolor on input line 575.

<figs/xmeth-gamErie-12_6-1.pdf, id=57, 469.755pt x 234.8775pt>
File: figs/xmeth-gamErie-12_6-1.pdf Graphic file (type pdf)

<use figs/xmeth-gamErie-12_6-1.pdf>
Package pdftex.def Info: figs/xmeth-gamErie-12_6-1.pdf used on input line 577.
(pdftex.def)             Requested size: 344.42067pt x 172.20819pt.
Package color Info: Redefining color shadecolor on input line 592.

<figs/xmeth-arima-sim-12_7-1.pdf, id=58, 226.8475pt x 241.90375pt>
File: figs/xmeth-arima-sim-12_7-1.pdf Graphic file (type pdf)

<use figs/xmeth-arima-sim-12_7-1.pdf>
Package pdftex.def Info: figs/xmeth-arima-sim-12_7-1.pdf used on input line 594
.
(pdftex.def)             Requested size: 146.95618pt x 156.71143pt.

<figs/xmeth-arima-sim-12_7-2.pdf, id=59, 226.8475pt x 241.90375pt>
File: figs/xmeth-arima-sim-12_7-2.pdf Graphic file (type pdf)

<use figs/xmeth-arima-sim-12_7-2.pdf>
Package pdftex.def Info: figs/xmeth-arima-sim-12_7-2.pdf used on input line 595
.
(pdftex.def)             Requested size: 146.95618pt x 156.71143pt.

<figs/xmeth-arima-sim-12_7-3.pdf, id=60, 226.8475pt x 241.90375pt>
File: figs/xmeth-arima-sim-12_7-3.pdf Graphic file (type pdf)

<use figs/xmeth-arima-sim-12_7-3.pdf>
Package pdftex.def Info: figs/xmeth-arima-sim-12_7-3.pdf used on input line 596
.
(pdftex.def)             Requested size: 146.95618pt x 156.71143pt.

<figs/xmeth-arima-sim-12_7-4.pdf, id=61, 226.8475pt x 241.90375pt>
File: figs/xmeth-arima-sim-12_7-4.pdf Graphic file (type pdf)

<use figs/xmeth-arima-sim-12_7-4.pdf>
Package pdftex.def Info: figs/xmeth-arima-sim-12_7-4.pdf used on input line 597
.
(pdftex.def)             Requested size: 146.95618pt x 156.71143pt.

<figs/xmeth-arima-sim-12_7-5.pdf, id=62, 226.8475pt x 241.90375pt>
File: figs/xmeth-arima-sim-12_7-5.pdf Graphic file (type pdf)

<use figs/xmeth-arima-sim-12_7-5.pdf>
Package pdftex.def Info: figs/xmeth-arima-sim-12_7-5.pdf used on input line 598
.
(pdftex.def)             Requested size: 146.95618pt x 156.71143pt.

<figs/xmeth-arima-sim-12_7-6.pdf, id=63, 226.8475pt x 241.90375pt>
File: figs/xmeth-arima-sim-12_7-6.pdf Graphic file (type pdf)

<use figs/xmeth-arima-sim-12_7-6.pdf>
Package pdftex.def Info: figs/xmeth-arima-sim-12_7-6.pdf used on input line 599
.
(pdftex.def)             Requested size: 146.95618pt x 156.71143pt.
Package color Info: Redefining color shadecolor on input line 613.

<figs/xmeth-Erie-fcast-12_8-1.pdf, id=64, 397.485pt x 180.675pt>
File: figs/xmeth-Erie-fcast-12_8-1.pdf Graphic file (type pdf)

<use figs/xmeth-Erie-fcast-12_8-1.pdf>
Package pdftex.def Info: figs/xmeth-Erie-fcast-12_8-1.pdf used on input line 61
5.
(pdftex.def)             Requested size: 367.38345pt x 166.99768pt.
Package color Info: Redefining color shadecolor on input line 629.

<figs/xmeth-mdb-gam-12_9-1.pdf, id=65, 325.215pt x 216.81pt>
File: figs/xmeth-mdb-gam-12_9-1.pdf Graphic file (type pdf)

<use figs/xmeth-mdb-gam-12_9-1.pdf>
Package pdftex.def Info: figs/xmeth-mdb-gam-12_9-1.pdf used on input line 631.
(pdftex.def)             Requested size: 215.83751pt x 143.89563pt.

<figs/xmeth-mdb-gam-12_9-2.pdf, id=66, 325.215pt x 216.81pt>
File: figs/xmeth-mdb-gam-12_9-2.pdf Graphic file (type pdf)

<use figs/xmeth-mdb-gam-12_9-2.pdf>
Package pdftex.def Info: figs/xmeth-mdb-gam-12_9-2.pdf used on input line 632.
(pdftex.def)             Requested size: 215.83751pt x 143.89563pt.
Package color Info: Redefining color shadecolor on input line 648.

<figs/xmeth-ar1sims-12_10-1.pdf, id=67, 216.81pt x 144.54pt>
File: figs/xmeth-ar1sims-12_10-1.pdf Graphic file (type pdf)

<use figs/xmeth-ar1sims-12_10-1.pdf>
Package pdftex.def Info: figs/xmeth-ar1sims-12_10-1.pdf used on input line 650.

(pdftex.def)             Requested size: 146.95618pt x 97.9749pt.

<figs/xmeth-ar1sims-12_10-2.pdf, id=68, 216.81pt x 144.54pt>
File: figs/xmeth-ar1sims-12_10-2.pdf Graphic file (type pdf)

<use figs/xmeth-ar1sims-12_10-2.pdf>
Package pdftex.def Info: figs/xmeth-ar1sims-12_10-2.pdf used on input line 651.

(pdftex.def)             Requested size: 146.95618pt x 97.9749pt.

<figs/xmeth-ar1sims-12_10-3.pdf, id=69, 216.81pt x 144.54pt>
File: figs/xmeth-ar1sims-12_10-3.pdf Graphic file (type pdf)

<use figs/xmeth-ar1sims-12_10-3.pdf>
Package pdftex.def Info: figs/xmeth-ar1sims-12_10-3.pdf used on input line 652.

(pdftex.def)             Requested size: 146.95618pt x 97.9749pt.

<figs/xmeth-ar1sims-12_10-4.pdf, id=70, 216.81pt x 144.54pt>
File: figs/xmeth-ar1sims-12_10-4.pdf Graphic file (type pdf)

<use figs/xmeth-ar1sims-12_10-4.pdf>
Package pdftex.def Info: figs/xmeth-ar1sims-12_10-4.pdf used on input line 653.

(pdftex.def)             Requested size: 146.95618pt x 97.9749pt.

<figs/xmeth-ar1sims-12_10-5.pdf, id=71, 216.81pt x 144.54pt>
File: figs/xmeth-ar1sims-12_10-5.pdf Graphic file (type pdf)

<use figs/xmeth-ar1sims-12_10-5.pdf>
Package pdftex.def Info: figs/xmeth-ar1sims-12_10-5.pdf used on input line 654.

(pdftex.def)             Requested size: 146.95618pt x 97.9749pt.

<figs/xmeth-ar1sims-12_10-6.pdf, id=72, 216.81pt x 144.54pt>
File: figs/xmeth-ar1sims-12_10-6.pdf Graphic file (type pdf)

<use figs/xmeth-ar1sims-12_10-6.pdf>
Package pdftex.def Info: figs/xmeth-ar1sims-12_10-6.pdf used on input line 655.

(pdftex.def)             Requested size: 146.95618pt x 97.9749pt.
Package color Info: Redefining color shadecolor on input line 670.

<figs/xmeth-au-both-12_11-1.pdf, id=73, 307.1475pt x 271.0125pt>
File: figs/xmeth-au-both-12_11-1.pdf Graphic file (type pdf)

<use figs/xmeth-au-both-12_11-1.pdf>
Package pdftex.def Info: figs/xmeth-au-both-12_11-1.pdf used on input line 677.

(pdftex.def)             Requested size: 215.83751pt x 190.44766pt.


LaTeX Warning: `h' float specifier changed to `ht'.

Package color Info: Redefining color shadecolor on input line 692.
<figs/xmeth-fgl-scores2D-12_12-1.pdf, id=74, 361.35pt x 271.0125pt>
File: figs/xmeth-fgl-scores2D-12_12-1.pdf Graphic file (type pdf)

<use figs/xmeth-fgl-scores2D-12_12-1.pdf>
Package pdftex.def Info: figs/xmeth-fgl-scores2D-12_12-1.pdf used on input line
 694.
(pdftex.def)             Requested size: 298.49512pt x 223.8734pt.
Package color Info: Redefining color shadecolor on input line 711.
Package color Info: Redefining color shadecolor on input line 720.

<figs/xmeth-treefig-12_13-1.pdf, id=75, 252.945pt x 289.08pt>
File: figs/xmeth-treefig-12_13-1.pdf Graphic file (type pdf)

<use figs/xmeth-treefig-12_13-1.pdf>
Package pdftex.def Info: figs/xmeth-treefig-12_13-1.pdf used on input line 722.

(pdftex.def)             Requested size: 252.57655pt x 288.66464pt.
Package color Info: Redefining color shadecolor on input line 740.

<figs/xmeth-rf-x-bronchit-1.pdf, id=76, 144.54pt x 126.4725pt>
File: figs/xmeth-rf-x-bronchit-1.pdf Graphic file (type pdf)

<use figs/xmeth-rf-x-bronchit-1.pdf>
Package pdftex.def Info: figs/xmeth-rf-x-bronchit-1.pdf used on input line 742.

(pdftex.def)             Requested size: 110.21713pt x 96.4385pt.

<figs/xmeth-rf-x-bronchit-2.pdf, id=77, 144.54pt x 126.4725pt>
File: figs/xmeth-rf-x-bronchit-2.pdf Graphic file (type pdf)

<use figs/xmeth-rf-x-bronchit-2.pdf>
Package pdftex.def Info: figs/xmeth-rf-x-bronchit-2.pdf used on input line 743.

(pdftex.def)             Requested size: 110.21713pt x 96.4385pt.

<figs/xmeth-rf-x-bronchit-3.pdf, id=78, 144.54pt x 126.4725pt>
File: figs/xmeth-rf-x-bronchit-3.pdf Graphic file (type pdf)

<use figs/xmeth-rf-x-bronchit-3.pdf>
Package pdftex.def Info: figs/xmeth-rf-x-bronchit-3.pdf used on input line 744.

(pdftex.def)             Requested size: 110.21713pt x 96.4385pt.

<figs/xmeth-rf-x-bronchit-4.pdf, id=79, 144.54pt x 126.4725pt>
File: figs/xmeth-rf-x-bronchit-4.pdf Graphic file (type pdf)

<use figs/xmeth-rf-x-bronchit-4.pdf>
Package pdftex.def Info: figs/xmeth-rf-x-bronchit-4.pdf used on input line 745.

(pdftex.def)             Requested size: 110.21713pt x 96.4385pt.

<figs/xmeth-rf-x-bronchit-5.pdf, id=80, 144.54pt x 126.4725pt>
File: figs/xmeth-rf-x-bronchit-5.pdf Graphic file (type pdf)

<use figs/xmeth-rf-x-bronchit-5.pdf>
Package pdftex.def Info: figs/xmeth-rf-x-bronchit-5.pdf used on input line 746.

(pdftex.def)             Requested size: 110.21713pt x 96.4385pt.

<figs/xmeth-rf-x-bronchit-6.pdf, id=81, 144.54pt x 126.4725pt>
File: figs/xmeth-rf-x-bronchit-6.pdf Graphic file (type pdf)

<use figs/xmeth-rf-x-bronchit-6.pdf>
Package pdftex.def Info: figs/xmeth-rf-x-bronchit-6.pdf used on input line 747.

(pdftex.def)             Requested size: 110.21713pt x 96.4385pt.

<figs/xmeth-rf-x-bronchit-7.pdf, id=82, 144.54pt x 126.4725pt>
File: figs/xmeth-rf-x-bronchit-7.pdf Graphic file (type pdf)

<use figs/xmeth-rf-x-bronchit-7.pdf>
Package pdftex.def Info: figs/xmeth-rf-x-bronchit-7.pdf used on input line 748.

(pdftex.def)             Requested size: 110.21713pt x 96.4385pt.

<figs/xmeth-rf-x-bronchit-8.pdf, id=83, 144.54pt x 126.4725pt>
File: figs/xmeth-rf-x-bronchit-8.pdf Graphic file (type pdf)

<use figs/xmeth-rf-x-bronchit-8.pdf>
Package pdftex.def Info: figs/xmeth-rf-x-bronchit-8.pdf used on input line 749.

(pdftex.def)             Requested size: 110.21713pt x 96.4385pt.

<figs/xmeth-rf-x-bronchit-9.pdf, id=84, 144.54pt x 126.4725pt>
File: figs/xmeth-rf-x-bronchit-9.pdf Graphic file (type pdf)

<use figs/xmeth-rf-x-bronchit-9.pdf>
Package pdftex.def Info: figs/xmeth-rf-x-bronchit-9.pdf used on input line 750.

(pdftex.def)             Requested size: 110.21713pt x 96.4385pt.

<figs/xmeth-rf-x-bronchit-10.pdf, id=85, 144.54pt x 126.4725pt>
File: figs/xmeth-rf-x-bronchit-10.pdf Graphic file (type pdf)

<use figs/xmeth-rf-x-bronchit-10.pdf>
Package pdftex.def Info: figs/xmeth-rf-x-bronchit-10.pdf used on input line 751
.
(pdftex.def)             Requested size: 110.21713pt x 96.4385pt.

<figs/xmeth-rf-x-bronchit-11.pdf, id=86, 144.54pt x 126.4725pt>
File: figs/xmeth-rf-x-bronchit-11.pdf Graphic file (type pdf)

<use figs/xmeth-rf-x-bronchit-11.pdf>
Package pdftex.def Info: figs/xmeth-rf-x-bronchit-11.pdf used on input line 752
.
(pdftex.def)             Requested size: 110.21713pt x 96.4385pt.

<figs/xmeth-rf-x-bronchit-12.pdf, id=87, 144.54pt x 126.4725pt>
File: figs/xmeth-rf-x-bronchit-12.pdf Graphic file (type pdf)

<use figs/xmeth-rf-x-bronchit-12.pdf>
Package pdftex.def Info: figs/xmeth-rf-x-bronchit-12.pdf used on input line 753
.
(pdftex.def)             Requested size: 110.21713pt x 96.4385pt.
Package color Info: Redefining color shadecolor on input line 770.

<figs/xmeth-proximity-plot-1.pdf, id=88, 252.945pt x 252.945pt>
File: figs/xmeth-proximity-plot-1.pdf Graphic file (type pdf)

<use figs/xmeth-proximity-plot-1.pdf>
Package pdftex.def Info: figs/xmeth-proximity-plot-1.pdf used on input line 772
.
(pdftex.def)             Requested size: 215.83751pt x 215.8418pt.
Package color Info: Redefining color shadecolor on input line 788.
Package color Info: Redefining color shadecolor on input line 798.

<figs/xmeth-aupoints_12_16-1.pdf, id=89, 379.4175pt x 325.215pt>
File: figs/xmeth-aupoints_12_16-1.pdf Graphic file (type pdf)

<use figs/xmeth-aupoints_12_16-1.pdf>
Package pdftex.def Info: figs/xmeth-aupoints_12_16-1.pdf used on input line 800
.
(pdftex.def)             Requested size: 275.53934pt x 236.17926pt.
Package color Info: Redefining color shadecolor on input line 815.

<figs/xmeth-au-both-12_17-1.pdf, id=90, 379.4175pt x 325.215pt>
File: figs/xmeth-au-both-12_17-1.pdf Graphic file (type pdf)

<use figs/xmeth-au-both-12_17-1.pdf>
Package pdftex.def Info: figs/xmeth-au-both-12_17-1.pdf used on input line 817.

(pdftex.def)             Requested size: 215.83751pt x 185.00725pt.

<figs/xmeth-au-both-12_17-2.pdf, id=91, 379.4175pt x 325.215pt>
File: figs/xmeth-au-both-12_17-2.pdf Graphic file (type pdf)

<use figs/xmeth-au-both-12_17-2.pdf>
Package pdftex.def Info: figs/xmeth-au-both-12_17-2.pdf used on input line 818.

(pdftex.def)             Requested size: 215.83751pt x 185.00725pt.


LaTeX Warning: `h' float specifier changed to `ht'.

[9 <./figs/xmeth-Erie1-12_4-1.pdf>] [10 <./figs/xmeth-lagErie-12_5-1.pdf> <./fi
gs/xmeth-acfErie-1.pdf> <./figs/xmeth-gamErie-12_6-1.pdf>] [11 <./figs/xmeth-ar
ima-sim-12_7-1.pdf> <./figs/xmeth-arima-sim-12_7-2.pdf> <./figs/xmeth-arima-sim
-12_7-3.pdf> <./figs/xmeth-arima-sim-12_7-4.pdf> <./figs/xmeth-arima-sim-12_7-5
.pdf> <./figs/xmeth-arima-sim-12_7-6.pdf> <./figs/xmeth-Erie-fcast-12_8-1.pdf>]
[12 <./figs/xmeth-mdb-gam-12_9-1.pdf> <./figs/xmeth-mdb-gam-12_9-2.pdf> <./figs
/xmeth-ar1sims-12_10-1.pdf> <./figs/xmeth-ar1sims-12_10-2.pdf> <./figs/xmeth-ar
1sims-12_10-3.pdf> <./figs/xmeth-ar1sims-12_10-4.pdf> <./figs/xmeth-ar1sims-12_
10-5.pdf> <./figs/xmeth-ar1sims-12_10-6.pdf>] [13 <./figs/xmeth-au-both-12_11-1
.pdf> <./figs/xmeth-fgl-scores2D-12_12-1.pdf>] [14 <./figs/xmeth-treefig-12_13-
1.pdf>] [15 <./figs/xmeth-rf-x-bronchit-1.pdf> <./figs/xmeth-rf-x-bronchit-2.pd
f> <./figs/xmeth-rf-x-bronchit-3.pdf> <./figs/xmeth-rf-x-bronchit-4.pdf> <./fig
s/xmeth-rf-x-bronchit-5.pdf> <./figs/xmeth-rf-x-bronchit-6.pdf> <./figs/xmeth-r
f-x-bronchit-7.pdf> <./figs/xmeth-rf-x-bronchit-8.pdf> <./figs/xmeth-rf-x-bronc
hit-9.pdf> <./figs/xmeth-rf-x-bronchit-10.pdf> <./figs/xmeth-rf-x-bronchit-11.p
df> <./figs/xmeth-rf-x-bronchit-12.pdf> <./figs/xmeth-proximity-plot-1.pdf>]
[16 <./figs/xmeth-aupoints_12_16-1.pdf> <./figs/xmeth-au-both-12_17-1.pdf> <./f
igs/xmeth-au-both-12_17-2.pdf>] (./figs12.aux) ) 
Here is how much of TeX's memory you used:
 3499 strings out of 493117
 57842 string characters out of 6135433
 166421 words of memory out of 5000000
 6873 multiletter control sequences out of 15000+600000
 8869 words of font info for 32 fonts, out of 8000000 for 9000
 1141 hyphenation exceptions out of 8191
 47i,7n,51p,497b,299s stack positions out of 5000i,500n,10000p,200000b,80000s
</usr/local/texlive/2014/texmf-
dist/fonts/type1/public/amsfonts/cm/cmitt10.pfb></usr/local/texlive/2014/texmf-
dist/fonts/type1/public/amsfonts/cm/cmmi12.pfb></usr/local/texlive/2014/texmf-d
ist/fonts/type1/public/amsfonts/cm/cmr12.pfb></usr/local/texlive/2014/texmf-dis
t/fonts/type1/public/amsfonts/cm/cmr17.pfb></usr/local/texlive/2014/texmf-dist/
fonts/type1/public/amsfonts/cm/cmr8.pfb></usr/local/texlive/2014/texmf-dist/fon
ts/type1/public/amsfonts/cm/cmssbx10.pfb></usr/local/texlive/2014/texmf-dist/fo
nts/type1/public/amsfonts/cm/cmsy10.pfb></usr/local/texlive/2014/texmf-dist/fon
ts/type1/public/amsfonts/cm/cmti12.pfb></usr/local/texlive/2014/texmf-dist/font
s/type1/public/amsfonts/cm/cmtt12.pfb>
Output written on figs12.pdf (16 pages, 413743 bytes).
PDF statistics:
 344 PDF objects out of 1000 (max. 8388607)
 232 compressed objects within 3 object streams
 0 named destinations out of 1000 (max. 500000)
 206 words of extra memory for PDF output out of 10000 (max. 10000000)

